<?xml version="1.0" encoding="UTF-8"?>
<robot generator="Robot 3.0.4 (Python 3.6.5 on win32)" generated="20180613 13:10:24.236">
<suite id="s1" name="Robot" source="C:\Development\Code\Node\MarkdownEditorTutorial_Node\robot">
<suite id="s1-s1" name="Tests" source="C:\Development\Code\Node\MarkdownEditorTutorial_Node\robot\tests">
<kw name="Startup" type="setup">
<kw name="Open Browser" library="SeleniumLibrary">
<doc>Opens a new browser instance to the given ``url``.</doc>
<arguments>
<arg>https://www.google.com</arg>
</arguments>
<msg timestamp="20180613 13:10:24.529" level="INFO">Opening browser 'firefox' to base url 'https://www.google.com'.</msg>
<status status="PASS" starttime="20180613 13:10:24.528" endtime="20180613 13:10:33.591"></status>
</kw>
<status status="PASS" starttime="20180613 13:10:24.527" endtime="20180613 13:10:33.593"></status>
</kw>
<suite id="s1-s1-s1" name="Basic" source="C:\Development\Code\Node\MarkdownEditorTutorial_Node\robot\tests\Basic.robot">
<test id="s1-s1-s1-t1" name="Application is running">
<kw name="Go To" library="SeleniumLibrary">
<doc>Navigates the active browser instance to the provided ``url``.</doc>
<arguments>
<arg>http://localhost:8190</arg>
</arguments>
<msg timestamp="20180613 13:10:33.609" level="INFO">Opening url 'http://localhost:8190'</msg>
<status status="PASS" starttime="20180613 13:10:33.607" endtime="20180613 13:10:33.838"></status>
</kw>
<kw name="Page Should Contain" library="SeleniumLibrary">
<doc>Verifies that current page contains ``text``.</doc>
<arguments>
<arg>Hello World!</arg>
</arguments>
<msg timestamp="20180613 13:10:33.871" level="INFO">Current page contains text 'Hello World!'.</msg>
<status status="PASS" starttime="20180613 13:10:33.839" endtime="20180613 13:10:33.871"></status>
</kw>
<status status="PASS" starttime="20180613 13:10:33.606" endtime="20180613 13:10:33.871" critical="yes"></status>
</test>
<status status="PASS" starttime="20180613 13:10:33.594" endtime="20180613 13:10:33.872"></status>
</suite>
<kw name="Cleanup" type="teardown">
<kw name="Close All Browsers" library="SeleniumLibrary">
<doc>Closes all open browsers and resets the browser cache.</doc>
<status status="PASS" starttime="20180613 13:10:33.873" endtime="20180613 13:10:35.697"></status>
</kw>
<status status="PASS" starttime="20180613 13:10:33.873" endtime="20180613 13:10:35.697"></status>
</kw>
<status status="PASS" starttime="20180613 13:10:24.351" endtime="20180613 13:10:35.697"></status>
</suite>
<status status="PASS" starttime="20180613 13:10:24.319" endtime="20180613 13:10:35.699"></status>
</suite>
<statistics>
<total>
<stat pass="1" fail="0">Critical Tests</stat>
<stat pass="1" fail="0">All Tests</stat>
</total>
<tag>
</tag>
<suite>
<stat pass="1" fail="0" id="s1" name="Robot">Robot</stat>
<stat pass="1" fail="0" id="s1-s1" name="Tests">Robot.Tests</stat>
<stat pass="1" fail="0" id="s1-s1-s1" name="Basic">Robot.Tests.Basic</stat>
</suite>
</statistics>
<errors>
</errors>
</robot>
